<?xml version="1.0" encoding="UTF-8"?>
<testsuite name="TestParser" tests="1" skipped="0" failures="0" errors="0" timestamp="2025-03-24T13:42:14" hostname="theo-HP-Pavilion-Laptop-15-eh3xxx" time="0.012">
  <properties/>
  <testcase name="testSimpleAssignment" classname="TestParser" time="0.012"/>
  <system-out><![CDATA[]]></system-out>
  <system-err><![CDATA[]]></system-err>
</testsuite>
